<?xml version="1.0" encoding="UTF-8"?>
<!-- Generated by org.testng.reporters.JUnitReportReporter -->
<testsuite hostname="DESKTOP-DD57UVT" failures="0" tests="2" name="com.toolsqa.NewTest" time="14.793" errors="0" timestamp="2021-11-30T18:26:10 IST" skipped="0">
  <testcase classname="com.toolsqa.NewTest" name="launch" time="10.966"/>
  <system-out/>
  <testcase classname="com.toolsqa.NewTest" name="account" time="3.827"/>
  <system-out/>
</testsuite> <!-- com.toolsqa.NewTest -->
