<?xml version="1.0" encoding="UTF-8"?>
<!-- Generated by org.testng.reporters.JUnitReportReporter -->
<testsuite hostname="DESKTOP-DD57UVT" failures="0" tests="3" name="com.toolsqa.Windows" time="6.894" errors="0" timestamp="2021-12-06T18:26:32 IST" skipped="2">
  <testcase classname="com.toolsqa.Windows" name="action" time="6.894"/>
  <system-out/>
  <testcase classname="com.toolsqa.Windows" name="alert">
    <skipped/>
  </testcase> <!-- alert -->
  <system-out/>
  <testcase classname="com.toolsqa.Windows" name="launch">
    <skipped/>
  </testcase> <!-- launch -->
  <system-out/>
</testsuite> <!-- com.toolsqa.Windows -->
