<?xml version="1.0" encoding="UTF-8"?>
<!-- Generated by org.testng.reporters.JUnitReportReporter -->
<testsuite hostname="DESKTOP-DD57UVT" failures="0" tests="2" name="com.toolsqa.NewTest1" time="37.474" errors="0" timestamp="2021-11-15T17:25:25 IST" skipped="0">
  <testcase classname="com.toolsqa.NewTest1" name="launch" time="34.844"/>
  <system-out/>
  <testcase classname="com.toolsqa.NewTest1" name="account" time="2.630"/>
  <system-out/>
</testsuite> <!-- com.toolsqa.NewTest1 -->
